[debug] [2022-09-09T11:59:05.063Z] ----------------------------------------------------------------------
[debug] [2022-09-09T11:59:05.065Z] Command:       /usr/local/bin/node /usr/local/bin/firebase emulators:start
[debug] [2022-09-09T11:59:05.065Z] CLI Version:   9.17.0
[debug] [2022-09-09T11:59:05.065Z] Platform:      darwin
[debug] [2022-09-09T11:59:05.065Z] Node Version:  v14.16.1
[debug] [2022-09-09T11:59:05.066Z] Time:          Fri Sep 09 2022 17:29:05 GMT+0530 (India Standard Time)
[debug] [2022-09-09T11:59:05.067Z] ----------------------------------------------------------------------
[debug] 
[debug] [2022-09-09T11:59:05.121Z] > command requires scopes: ["email","openid","https://www.googleapis.com/auth/cloudplatformprojects.readonly","https://www.googleapis.com/auth/firebase","https://www.googleapis.com/auth/cloud-platform"]
[debug] [2022-09-09T11:59:05.122Z] > authorizing via signed-in user (xsantosh7@gmail.com)
[info] i  emulators: Starting emulators: auth, functions, firestore, pubsub {"metadata":{"emulator":{"name":"hub"},"message":"Starting emulators: auth, functions, firestore, pubsub"}}
[debug] [2022-09-09T11:59:05.142Z] [hub] writing locator at /var/folders/q2/z4gx_65s0r52ntr3cqp13z4w0000gn/T/hub-fir-cloudfunctiontest-aaa7f.json
[warn] ⚠  functions: The following emulators are not running, calls to these services from the Functions emulator will affect production: database, hosting, storage {"metadata":{"emulator":{"name":"functions"},"message":"The following emulators are not running, calls to these services from the Functions emulator will affect production: \u001b[1mdatabase, hosting, storage\u001b[22m"}}
[info] ✔  functions: Using node@14 from host. {"metadata":{"emulator":{"name":"functions"},"message":"Using node@14 from host."}}
[debug] [2022-09-09T11:59:05.179Z] defaultcredentials: writing to file /Users/adtechnology/.config/firebase/xsantosh7_gmail_com_application_default_credentials.json
[debug] [2022-09-09T11:59:05.181Z] Setting GAC to /Users/adtechnology/.config/firebase/xsantosh7_gmail_com_application_default_credentials.json {"metadata":{"emulator":{"name":"functions"},"message":"Setting GAC to /Users/adtechnology/.config/firebase/xsantosh7_gmail_com_application_default_credentials.json"}}
[debug] [2022-09-09T11:59:05.186Z] > refreshing access token with scopes: []
[debug] [2022-09-09T11:59:05.187Z] >>> HTTP REQUEST POST https://www.googleapis.com/oauth2/v3/token  
 <request body omitted>
[debug] [2022-09-09T11:59:06.066Z] <<< HTTP RESPONSE 200 {"date":"Fri, 09 Sep 2022 11:59:06 GMT","pragma":"no-cache","expires":"Mon, 01 Jan 1990 00:00:00 GMT","cache-control":"no-cache, no-store, max-age=0, must-revalidate","content-type":"application/json; charset=utf-8","vary":"X-Origin, Referer, Origin,Accept-Encoding","server":"scaffolding on HTTPServer2","x-xss-protection":"0","x-frame-options":"SAMEORIGIN","x-content-type-options":"nosniff","alt-svc":"h3=\":443\"; ma=2592000,h3-29=\":443\"; ma=2592000,h3-Q050=\":443\"; ma=2592000,h3-Q046=\":443\"; ma=2592000,h3-Q043=\":443\"; ma=2592000,quic=\":443\"; ma=2592000; v=\"46,43\"","accept-ranges":"none","transfer-encoding":"chunked"}
[debug] [2022-09-09T11:59:06.090Z] >>> [apiv2][query] GET https://firebase.googleapis.com/v1beta1/projects/fir-cloudfunctiontest-aaa7f/adminSdkConfig [none]
[debug] [2022-09-09T11:59:07.251Z] <<< [apiv2][status] GET https://firebase.googleapis.com/v1beta1/projects/fir-cloudfunctiontest-aaa7f/adminSdkConfig 200
[debug] [2022-09-09T11:59:07.252Z] <<< [apiv2][body] GET https://firebase.googleapis.com/v1beta1/projects/fir-cloudfunctiontest-aaa7f/adminSdkConfig {"projectId":"fir-cloudfunctiontest-aaa7f","storageBucket":"fir-cloudfunctiontest-aaa7f.appspot.com"}
[warn] ⚠  firestore: Did not find a Cloud Firestore rules file specified in a firebase.json config file. {"metadata":{"emulator":{"name":"firestore"},"message":"Did not find a Cloud Firestore rules file specified in a firebase.json config file."}}
[warn] ⚠  firestore: The emulator will default to allowing all reads and writes. Learn more about this option: https://firebase.google.com/docs/emulator-suite/install_and_configure#security_rules_configuration. {"metadata":{"emulator":{"name":"firestore"},"message":"The emulator will default to allowing all reads and writes. Learn more about this option: https://firebase.google.com/docs/emulator-suite/install_and_configure#security_rules_configuration."}}
[debug] [2022-09-09T11:59:07.523Z] Ignoring unsupported arg: projectId {"metadata":{"emulator":{"name":"firestore"},"message":"Ignoring unsupported arg: projectId"}}
[debug] [2022-09-09T11:59:07.523Z] Ignoring unsupported arg: auto_download {"metadata":{"emulator":{"name":"firestore"},"message":"Ignoring unsupported arg: auto_download"}}
[debug] [2022-09-09T11:59:07.523Z] Starting Firestore Emulator with command {"binary":"java","args":["-Dgoogle.cloud_firestore.debug_log_level=FINE","-Duser.language=en","-jar","/Users/adtechnology/.cache/firebase/emulators/cloud-firestore-emulator-v1.13.1.jar","--host","localhost","--port",8080,"--functions_emulator","localhost:5001"],"optionalArgs":["port","webchannel_port","host","rules","functions_emulator","seed_from_export"],"joinArgs":false} {"metadata":{"emulator":{"name":"firestore"},"message":"Starting Firestore Emulator with command {\"binary\":\"java\",\"args\":[\"-Dgoogle.cloud_firestore.debug_log_level=FINE\",\"-Duser.language=en\",\"-jar\",\"/Users/adtechnology/.cache/firebase/emulators/cloud-firestore-emulator-v1.13.1.jar\",\"--host\",\"localhost\",\"--port\",8080,\"--functions_emulator\",\"localhost:5001\"],\"optionalArgs\":[\"port\",\"webchannel_port\",\"host\",\"rules\",\"functions_emulator\",\"seed_from_export\"],\"joinArgs\":false}"}}
[info] i  firestore: Firestore Emulator logging to firestore-debug.log {"metadata":{"emulator":{"name":"firestore"},"message":"Firestore Emulator logging to \u001b[1mfirestore-debug.log\u001b[22m"}}
[debug] [2022-09-09T11:59:08.661Z] Sep 09, 2022 5:29:08 PM com.google.cloud.datastore.emulator.firestore.websocket.WebSocketServer start
INFO: Started WebSocket server on ws://localhost:57660
 {"metadata":{"emulator":{"name":"firestore"},"message":"Sep 09, 2022 5:29:08 PM com.google.cloud.datastore.emulator.firestore.websocket.WebSocketServer start\nINFO: Started WebSocket server on ws://localhost:57660\n"}}
[debug] [2022-09-09T11:59:08.689Z] API endpoint: http://localhost {"metadata":{"emulator":{"name":"firestore"},"message":"API endpoint: http://localhost"}}
[debug] [2022-09-09T11:59:08.689Z] :8080
If you are using a library that supports the FIRESTORE_EMULATOR_HOST environment variable, run:

   export FIRESTORE_EMULATOR_HOST=localhost:8080

Dev App Server is now running.

 {"metadata":{"emulator":{"name":"firestore"},"message":":8080\nIf you are using a library that supports the FIRESTORE_EMULATOR_HOST environment variable, run:\n\n   export FIRESTORE_EMULATOR_HOST=localhost:8080\n\nDev App Server is now running.\n\n"}}
[debug] [2022-09-09T11:59:11.417Z] Ignoring unsupported arg: projectId {"metadata":{"emulator":{"name":"pubsub"},"message":"Ignoring unsupported arg: projectId"}}
[debug] [2022-09-09T11:59:11.417Z] Ignoring unsupported arg: auto_download {"metadata":{"emulator":{"name":"pubsub"},"message":"Ignoring unsupported arg: auto_download"}}
[debug] [2022-09-09T11:59:11.418Z] Starting Pub/Sub Emulator with command {"binary":"/Users/adtechnology/.cache/firebase/emulators/pubsub-emulator-0.1.0/pubsub-emulator/bin/cloud-pubsub-emulator","args":["--host=localhost","--port=8085"],"optionalArgs":["port","host"],"joinArgs":true} {"metadata":{"emulator":{"name":"pubsub"},"message":"Starting Pub/Sub Emulator with command {\"binary\":\"/Users/adtechnology/.cache/firebase/emulators/pubsub-emulator-0.1.0/pubsub-emulator/bin/cloud-pubsub-emulator\",\"args\":[\"--host=localhost\",\"--port=8085\"],\"optionalArgs\":[\"port\",\"host\"],\"joinArgs\":true}"}}
[info] i  pubsub: Pub/Sub Emulator logging to pubsub-debug.log {"metadata":{"emulator":{"name":"pubsub"},"message":"Pub/Sub Emulator logging to \u001b[1mpubsub-debug.log\u001b[22m"}}
[debug] [2022-09-09T11:59:11.580Z] This is the Google Pub/Sub fake.
Implementation may be incomplete or differ from the real system.
 {"metadata":{"emulator":{"name":"pubsub"},"message":"This is the Google Pub/Sub fake.\nImplementation may be incomplete or differ from the real system.\n"}}
[debug] [2022-09-09T11:59:11.624Z] Sep 09, 2022 5:29:11 PM com.google.cloud.pubsub.testing.v1.Main main
INFO: IAM integration is disabled. IAM policy methods and ACL checks are not supported
 {"metadata":{"emulator":{"name":"pubsub"},"message":"Sep 09, 2022 5:29:11 PM com.google.cloud.pubsub.testing.v1.Main main\nINFO: IAM integration is disabled. IAM policy methods and ACL checks are not supported\n"}}
[debug] [2022-09-09T11:59:12.120Z] Sep 09, 2022 5:29:12 PM io.gapi.emulators.netty.NettyUtil applyJava7LongHostnameWorkaround
INFO: Unable to apply Java 7 long hostname workaround.
 {"metadata":{"emulator":{"name":"pubsub"},"message":"Sep 09, 2022 5:29:12 PM io.gapi.emulators.netty.NettyUtil applyJava7LongHostnameWorkaround\nINFO: Unable to apply Java 7 long hostname workaround.\n"}}
[debug] [2022-09-09T11:59:12.217Z] Sep 09, 2022 5:29:12 PM com.google.cloud.pubsub.testing.v1.Main main
INFO: Server started, listening on 8085
 {"metadata":{"emulator":{"name":"pubsub"},"message":"Sep 09, 2022 5:29:12 PM com.google.cloud.pubsub.testing.v1.Main main\nINFO: Server started, listening on 8085\n"}}
[debug] [2022-09-09T11:59:12.455Z] Ignoring unsupported arg: auto_download {"metadata":{"emulator":{"name":"ui"},"message":"Ignoring unsupported arg: auto_download"}}
[debug] [2022-09-09T11:59:12.455Z] Ignoring unsupported arg: port {"metadata":{"emulator":{"name":"ui"},"message":"Ignoring unsupported arg: port"}}
[debug] [2022-09-09T11:59:12.455Z] Starting Emulator UI with command {"binary":"node","args":["/Users/adtechnology/.cache/firebase/emulators/ui-v1.6.3/server.bundle.js"],"optionalArgs":[],"joinArgs":false} {"metadata":{"emulator":{"name":"ui"},"message":"Starting Emulator UI with command {\"binary\":\"node\",\"args\":[\"/Users/adtechnology/.cache/firebase/emulators/ui-v1.6.3/server.bundle.js\"],\"optionalArgs\":[],\"joinArgs\":false}"}}
[info] i  ui: Emulator UI logging to ui-debug.log {"metadata":{"emulator":{"name":"ui"},"message":"Emulator UI logging to \u001b[1mui-debug.log\u001b[22m"}}
[debug] [2022-09-09T11:59:12.542Z] Sep 09, 2022 5:29:12 PM io.gapi.emulators.grpc.GrpcServer$3 operationComplete
INFO: Adding handler(s) to newly registered Channel.
 {"metadata":{"emulator":{"name":"pubsub"},"message":"Sep 09, 2022 5:29:12 PM io.gapi.emulators.grpc.GrpcServer$3 operationComplete\nINFO: Adding handler(s) to newly registered Channel.\n"}}
[debug] [2022-09-09T11:59:12.558Z] Web / API server started at localhost:4000
 {"metadata":{"emulator":{"name":"ui"},"message":"Web / API server started at localhost:4000\n"}}
[info] i  functions: Watching "/Users/adtechnology/Desktop/Santosh/cloud_functions/functions" for Cloud Functions... {"metadata":{"emulator":{"name":"functions"},"message":"Watching \"/Users/adtechnology/Desktop/Santosh/cloud_functions/functions\" for Cloud Functions..."}}
[debug] [2022-09-09T11:59:12.736Z] [worker-pool] addWorker(~diagnostic~) {"metadata":{"emulator":{"name":"functions"},"message":"[worker-pool] addWorker(~diagnostic~)"}}
[debug] [2022-09-09T11:59:12.737Z] [worker-pool] Adding worker with key ~diagnostic~, total=1 {"metadata":{"emulator":{"name":"functions"},"message":"[worker-pool] Adding worker with key ~diagnostic~, total=1"}}
[debug] [2022-09-09T11:59:12.737Z] [worker-pool] submitWork(triggerId=) {"metadata":{"emulator":{"name":"functions"},"message":"[worker-pool] submitWork(triggerId=)"}}
[debug] [2022-09-09T11:59:12.737Z] [worker-~diagnostic~-300d2ea7-9c2a-4e70-b596-5722e12de807]: Assigning socketPath: /var/folders/q2/z4gx_65s0r52ntr3cqp13z4w0000gn/T/fire_emu_90374.sock {"metadata":{"emulator":{"name":"functions"},"message":"[worker-~diagnostic~-300d2ea7-9c2a-4e70-b596-5722e12de807]: Assigning socketPath: /var/folders/q2/z4gx_65s0r52ntr3cqp13z4w0000gn/T/fire_emu_90374.sock"}}
[debug] [2022-09-09T11:59:12.738Z] [worker-~diagnostic~-300d2ea7-9c2a-4e70-b596-5722e12de807]: BUSY {"metadata":{"emulator":{"name":"functions"},"message":"[worker-~diagnostic~-300d2ea7-9c2a-4e70-b596-5722e12de807]: BUSY"}}
[debug] [2022-09-09T11:59:13.014Z] [runtime-status] [90374] Functions runtime initialized. {"cwd":"/Users/adtechnology/Desktop/Santosh/cloud_functions/functions","node_version":"14.16.1"} {"metadata":{"emulator":{"name":"functions"},"message":"[runtime-status] [90374] Functions runtime initialized. {\"cwd\":\"/Users/adtechnology/Desktop/Santosh/cloud_functions/functions\",\"node_version\":\"14.16.1\"}"}}
[debug] [2022-09-09T11:59:13.015Z] [runtime-status] [90374] Disabled runtime features: undefined {"metadata":{"emulator":{"name":"functions"},"message":"[runtime-status] [90374] Disabled runtime features: undefined"}}
[debug] [2022-09-09T11:59:13.018Z] [runtime-status] [90374] Resolved module firebase-admin {"declared":true,"installed":true,"version":"9.12.0","resolution":"/Users/adtechnology/Desktop/Santosh/cloud_functions/functions/node_modules/firebase-admin/lib/index.js"} {"metadata":{"emulator":{"name":"functions"},"message":"[runtime-status] [90374] Resolved module firebase-admin {\"declared\":true,\"installed\":true,\"version\":\"9.12.0\",\"resolution\":\"/Users/adtechnology/Desktop/Santosh/cloud_functions/functions/node_modules/firebase-admin/lib/index.js\"}"}}
[debug] [2022-09-09T11:59:13.022Z] [runtime-status] [90374] Resolved module firebase-functions {"declared":true,"installed":true,"version":"3.23.0","resolution":"/Users/adtechnology/Desktop/Santosh/cloud_functions/functions/node_modules/firebase-functions/lib/index.js"} {"metadata":{"emulator":{"name":"functions"},"message":"[runtime-status] [90374] Resolved module firebase-functions {\"declared\":true,\"installed\":true,\"version\":\"3.23.0\",\"resolution\":\"/Users/adtechnology/Desktop/Santosh/cloud_functions/functions/node_modules/firebase-functions/lib/index.js\"}"}}
[debug] [2022-09-09T11:59:13.027Z] [runtime-status] [90374] Resolved module firebase-functions {"declared":true,"installed":true,"version":"3.23.0","resolution":"/Users/adtechnology/Desktop/Santosh/cloud_functions/functions/node_modules/firebase-functions/lib/index.js"} {"metadata":{"emulator":{"name":"functions"},"message":"[runtime-status] [90374] Resolved module firebase-functions {\"declared\":true,\"installed\":true,\"version\":\"3.23.0\",\"resolution\":\"/Users/adtechnology/Desktop/Santosh/cloud_functions/functions/node_modules/firebase-functions/lib/index.js\"}"}}
[debug] [2022-09-09T11:59:13.027Z] [runtime-status] [90374] Set PUBSUB_EMULATOR_HOST to localhost:8085 {"metadata":{"emulator":{"name":"functions"},"message":"[runtime-status] [90374] Set PUBSUB_EMULATOR_HOST to localhost:8085"}}
[debug] [2022-09-09T11:59:13.027Z] [runtime-status] [90374] Outgoing network have been stubbed. [{"name":"http","status":"mocked"},{"name":"http","status":"mocked"},{"name":"https","status":"mocked"},{"name":"https","status":"mocked"},{"name":"net","status":"mocked"}] {"metadata":{"emulator":{"name":"functions"},"message":"[runtime-status] [90374] Outgoing network have been stubbed. [{\"name\":\"http\",\"status\":\"mocked\"},{\"name\":\"http\",\"status\":\"mocked\"},{\"name\":\"https\",\"status\":\"mocked\"},{\"name\":\"https\",\"status\":\"mocked\"},{\"name\":\"net\",\"status\":\"mocked\"}]"}}
[debug] [2022-09-09T11:59:13.027Z] [runtime-status] [90374] Resolved module firebase-functions {"declared":true,"installed":true,"version":"3.23.0","resolution":"/Users/adtechnology/Desktop/Santosh/cloud_functions/functions/node_modules/firebase-functions/lib/index.js"} {"metadata":{"emulator":{"name":"functions"},"message":"[runtime-status] [90374] Resolved module firebase-functions {\"declared\":true,\"installed\":true,\"version\":\"3.23.0\",\"resolution\":\"/Users/adtechnology/Desktop/Santosh/cloud_functions/functions/node_modules/firebase-functions/lib/index.js\"}"}}
[debug] [2022-09-09T11:59:13.112Z] [runtime-status] [90374] Checked functions.config() {"config":{}} {"metadata":{"emulator":{"name":"functions"},"message":"[runtime-status] [90374] Checked functions.config() {\"config\":{}}"}}
[debug] [2022-09-09T11:59:13.112Z] [runtime-status] [90374] firebase-functions has been stubbed. {"functionsResolution":{"declared":true,"installed":true,"version":"3.23.0","resolution":"/Users/adtechnology/Desktop/Santosh/cloud_functions/functions/node_modules/firebase-functions/lib/index.js"}} {"metadata":{"emulator":{"name":"functions"},"message":"[runtime-status] [90374] firebase-functions has been stubbed. {\"functionsResolution\":{\"declared\":true,\"installed\":true,\"version\":\"3.23.0\",\"resolution\":\"/Users/adtechnology/Desktop/Santosh/cloud_functions/functions/node_modules/firebase-functions/lib/index.js\"}}"}}
[debug] [2022-09-09T11:59:13.113Z] [runtime-status] [90374] Resolved module firebase-functions {"declared":true,"installed":true,"version":"3.23.0","resolution":"/Users/adtechnology/Desktop/Santosh/cloud_functions/functions/node_modules/firebase-functions/lib/index.js"} {"metadata":{"emulator":{"name":"functions"},"message":"[runtime-status] [90374] Resolved module firebase-functions {\"declared\":true,\"installed\":true,\"version\":\"3.23.0\",\"resolution\":\"/Users/adtechnology/Desktop/Santosh/cloud_functions/functions/node_modules/firebase-functions/lib/index.js\"}"}}
[debug] [2022-09-09T11:59:13.114Z] [runtime-status] [90374] Resolved module firebase-admin {"declared":true,"installed":true,"version":"9.12.0","resolution":"/Users/adtechnology/Desktop/Santosh/cloud_functions/functions/node_modules/firebase-admin/lib/index.js"} {"metadata":{"emulator":{"name":"functions"},"message":"[runtime-status] [90374] Resolved module firebase-admin {\"declared\":true,\"installed\":true,\"version\":\"9.12.0\",\"resolution\":\"/Users/adtechnology/Desktop/Santosh/cloud_functions/functions/node_modules/firebase-admin/lib/index.js\"}"}}
[debug] [2022-09-09T11:59:13.114Z] [runtime-status] [90374] Resolved module firebase-functions {"declared":true,"installed":true,"version":"3.23.0","resolution":"/Users/adtechnology/Desktop/Santosh/cloud_functions/functions/node_modules/firebase-functions/lib/index.js"} {"metadata":{"emulator":{"name":"functions"},"message":"[runtime-status] [90374] Resolved module firebase-functions {\"declared\":true,\"installed\":true,\"version\":\"3.23.0\",\"resolution\":\"/Users/adtechnology/Desktop/Santosh/cloud_functions/functions/node_modules/firebase-functions/lib/index.js\"}"}}
[debug] [2022-09-09T11:59:13.114Z] [runtime-status] [90374] firebase-admin has been stubbed. {"adminResolution":{"declared":true,"installed":true,"version":"9.12.0","resolution":"/Users/adtechnology/Desktop/Santosh/cloud_functions/functions/node_modules/firebase-admin/lib/index.js"}} {"metadata":{"emulator":{"name":"functions"},"message":"[runtime-status] [90374] firebase-admin has been stubbed. {\"adminResolution\":{\"declared\":true,\"installed\":true,\"version\":\"9.12.0\",\"resolution\":\"/Users/adtechnology/Desktop/Santosh/cloud_functions/functions/node_modules/firebase-admin/lib/index.js\"}}"}}
[info] ✔  functions[us-central1-helloWorld]: http function initialized (http://localhost:5001/fir-cloudfunctiontest-aaa7f/us-central1/helloWorld). {"metadata":{"emulator":{"name":"functions"},"message":"\u001b[1mhttp\u001b[22m function initialized (http://localhost:5001/fir-cloudfunctiontest-aaa7f/us-central1/helloWorld)."}}
[info] ✔  functions[us-central1-api]: http function initialized (http://localhost:5001/fir-cloudfunctiontest-aaa7f/us-central1/api). {"metadata":{"emulator":{"name":"functions"},"message":"\u001b[1mhttp\u001b[22m function initialized (http://localhost:5001/fir-cloudfunctiontest-aaa7f/us-central1/api)."}}
[info] ✔  functions[us-central1-serveRequest]: http function initialized (http://localhost:5001/fir-cloudfunctiontest-aaa7f/us-central1/serveRequest). {"metadata":{"emulator":{"name":"functions"},"message":"\u001b[1mhttp\u001b[22m function initialized (http://localhost:5001/fir-cloudfunctiontest-aaa7f/us-central1/serveRequest)."}}
[info] 
┌─────────────────────────────────────────────────────────────┐
│ ✔  All emulators ready! It is now safe to connect your app. │
│ i  View Emulator UI at http://localhost:4000                │
└─────────────────────────────────────────────────────────────┘

┌────────────────┬────────────────┬─────────────────────────────────┐
│ Emulator       │ Host:Port      │ View in Emulator UI             │
├────────────────┼────────────────┼─────────────────────────────────┤
│ Authentication │ localhost:9099 │ http://localhost:4000/auth      │
├────────────────┼────────────────┼─────────────────────────────────┤
│ Functions      │ localhost:5001 │ http://localhost:4000/functions │
├────────────────┼────────────────┼─────────────────────────────────┤
│ Firestore      │ localhost:8080 │ http://localhost:4000/firestore │
├────────────────┼────────────────┼─────────────────────────────────┤
│ Pub/Sub        │ localhost:8085 │ n/a                             │
└────────────────┴────────────────┴─────────────────────────────────┘
  Emulator Hub running at localhost:4400
  Other reserved ports: 4500

Issues? Report them at https://github.com/firebase/firebase-tools/issues and attach the *-debug.log files.
 
[debug] [2022-09-09T11:59:13.170Z] [worker-~diagnostic~-300d2ea7-9c2a-4e70-b596-5722e12de807]: IDLE {"metadata":{"emulator":{"name":"functions"},"message":"[worker-~diagnostic~-300d2ea7-9c2a-4e70-b596-5722e12de807]: IDLE"}}
[debug] [2022-09-09T11:59:27.591Z] Sep 09, 2022 5:29:27 PM io.gapi.emulators.netty.HttpVersionRoutingHandler channelRead
INFO: Detected non-HTTP/2 connection.
 {"metadata":{"emulator":{"name":"firestore"},"message":"Sep 09, 2022 5:29:27 PM io.gapi.emulators.netty.HttpVersionRoutingHandler channelRead\nINFO: Detected non-HTTP/2 connection.\n"}}
[debug] [2022-09-09T11:59:27.677Z] Sep 09, 2022 5:29:27 PM com.google.cloud.datastore.emulator.firestore.websocket.WebSocketChannelHandler initChannel
INFO: Connected to new websocket client
 {"metadata":{"emulator":{"name":"firestore"},"message":"Sep 09, 2022 5:29:27 PM com.google.cloud.datastore.emulator.firestore.websocket.WebSocketChannelHandler initChannel\nINFO: Connected to new websocket client\n"}}
[debug] [2022-09-09T11:59:28.786Z] Sep 09, 2022 5:29:28 PM com.google.cloud.datastore.emulator.firestore.websocket.WebSocketChannelHandler channelClosed
INFO: Websocket client disconnected
 {"metadata":{"emulator":{"name":"firestore"},"message":"Sep 09, 2022 5:29:28 PM com.google.cloud.datastore.emulator.firestore.websocket.WebSocketChannelHandler channelClosed\nINFO: Websocket client disconnected\n"}}
[debug] [2022-09-09T11:59:29.583Z] Sep 09, 2022 5:29:29 PM io.gapi.emulators.netty.HttpVersionRoutingHandler channelRead
INFO: Detected non-HTTP/2 connection.
 {"metadata":{"emulator":{"name":"firestore"},"message":"Sep 09, 2022 5:29:29 PM io.gapi.emulators.netty.HttpVersionRoutingHandler channelRead\nINFO: Detected non-HTTP/2 connection.\n"}}
[debug] [2022-09-09T11:59:30.285Z] Sep 09, 2022 5:29:30 PM com.google.cloud.datastore.emulator.firestore.websocket.WebSocketChannelHandler initChannel
INFO: Connected to new websocket client
 {"metadata":{"emulator":{"name":"firestore"},"message":"Sep 09, 2022 5:29:30 PM com.google.cloud.datastore.emulator.firestore.websocket.WebSocketChannelHandler initChannel\nINFO: Connected to new websocket client\n"}}
[debug] [2022-09-09T11:59:33.596Z] Sep 09, 2022 5:29:33 PM io.gapi.emulators.netty.HttpVersionRoutingHandler channelRead
INFO: Detected non-HTTP/2 connection.
 {"metadata":{"emulator":{"name":"firestore"},"message":"Sep 09, 2022 5:29:33 PM io.gapi.emulators.netty.HttpVersionRoutingHandler channelRead\nINFO: Detected non-HTTP/2 connection.\n"}}
[debug] [2022-09-09T11:59:35.620Z] Sep 09, 2022 5:29:35 PM io.gapi.emulators.netty.HttpVersionRoutingHandler channelRead
INFO: Detected non-HTTP/2 connection.
 {"metadata":{"emulator":{"name":"firestore"},"message":"Sep 09, 2022 5:29:35 PM io.gapi.emulators.netty.HttpVersionRoutingHandler channelRead\nINFO: Detected non-HTTP/2 connection.\n"}}
[debug] [2022-09-09T11:59:37.646Z] Sep 09, 2022 5:29:37 PM io.gapi.emulators.netty.HttpVersionRoutingHandler channelRead
INFO: Detected non-HTTP/2 connection.
 {"metadata":{"emulator":{"name":"firestore"},"message":"Sep 09, 2022 5:29:37 PM io.gapi.emulators.netty.HttpVersionRoutingHandler channelRead\nINFO: Detected non-HTTP/2 connection.\n"}}
[debug] [2022-09-09T11:59:39.671Z] Sep 09, 2022 5:29:39 PM io.gapi.emulators.netty.HttpVersionRoutingHandler channelRead
INFO: Detected non-HTTP/2 connection.
 {"metadata":{"emulator":{"name":"firestore"},"message":"Sep 09, 2022 5:29:39 PM io.gapi.emulators.netty.HttpVersionRoutingHandler channelRead\nINFO: Detected non-HTTP/2 connection.\n"}}
[debug] [2022-09-09T11:59:40.189Z] >>> [apiv2][query] POST http://localhost:5001/functions/projects/fir-cloudfunctiontest-aaa7f/trigger_multicast [none]
[debug] [2022-09-09T11:59:40.189Z] >>> [apiv2][body] POST http://localhost:5001/functions/projects/fir-cloudfunctiontest-aaa7f/trigger_multicast {"eventId":"4b0cc033-b07c-425b-89b7-fd80e558d5c6","eventType":"providers/firebase.auth/eventTypes/user.create","resource":{"name":"projects/fir-cloudfunctiontest-aaa7f","service":"firebaseauth.googleapis.com"},"params":{},"timestamp":"2022-09-09T11:59:40.189Z","data":{"uid":"xUeEM5SAapD5bAQIkGBE4yqyOdOW","email":"hedobe3652@zfobo.com","emailVerified":false,"displayName":"","photoURL":"","metadata":{"creationTime":"1662724780188","lastSignInTime":"1662724780188"},"customClaims":{},"providerData":[{"providerId":"password","email":"hedobe3652@zfobo.com","federatedId":"hedobe3652@zfobo.com","rawId":"hedobe3652@zfobo.com","displayName":"","photoUrl":""}]}}
[debug] [2022-09-09T11:59:40.194Z] <<< [apiv2][status] POST http://localhost:5001/functions/projects/fir-cloudfunctiontest-aaa7f/trigger_multicast 200
[debug] [2022-09-09T11:59:40.194Z] <<< [apiv2][body] POST http://localhost:5001/functions/projects/fir-cloudfunctiontest-aaa7f/trigger_multicast {"status":"multicast_acknowledged"}
[debug] [2022-09-09T11:59:41.698Z] Sep 09, 2022 5:29:41 PM io.gapi.emulators.netty.HttpVersionRoutingHandler channelRead
INFO: Detected non-HTTP/2 connection.
 {"metadata":{"emulator":{"name":"firestore"},"message":"Sep 09, 2022 5:29:41 PM io.gapi.emulators.netty.HttpVersionRoutingHandler channelRead\nINFO: Detected non-HTTP/2 connection.\n"}}
[debug] [2022-09-09T11:59:43.730Z] Sep 09, 2022 5:29:43 PM io.gapi.emulators.netty.HttpVersionRoutingHandler channelRead
INFO: Detected non-HTTP/2 connection.
 {"metadata":{"emulator":{"name":"firestore"},"message":"Sep 09, 2022 5:29:43 PM io.gapi.emulators.netty.HttpVersionRoutingHandler channelRead\nINFO: Detected non-HTTP/2 connection.\n"}}
[debug] [2022-09-09T11:59:45.755Z] Sep 09, 2022 5:29:45 PM io.gapi.emulators.netty.HttpVersionRoutingHandler channelRead
INFO: Detected non-HTTP/2 connection.
 {"metadata":{"emulator":{"name":"firestore"},"message":"Sep 09, 2022 5:29:45 PM io.gapi.emulators.netty.HttpVersionRoutingHandler channelRead\nINFO: Detected non-HTTP/2 connection.\n"}}
[debug] [2022-09-09T11:59:47.781Z] Sep 09, 2022 5:29:47 PM io.gapi.emulators.netty.HttpVersionRoutingHandler channelRead
INFO: Detected non-HTTP/2 connection.
 {"metadata":{"emulator":{"name":"firestore"},"message":"Sep 09, 2022 5:29:47 PM io.gapi.emulators.netty.HttpVersionRoutingHandler channelRead\nINFO: Detected non-HTTP/2 connection.\n"}}
[debug] [2022-09-09T11:59:49.807Z] Sep 09, 2022 5:29:49 PM io.gapi.emulators.netty.HttpVersionRoutingHandler channelRead
INFO: Detected non-HTTP/2 connection.
 {"metadata":{"emulator":{"name":"firestore"},"message":"Sep 09, 2022 5:29:49 PM io.gapi.emulators.netty.HttpVersionRoutingHandler channelRead\nINFO: Detected non-HTTP/2 connection.\n"}}
[debug] [2022-09-09T11:59:51.833Z] Sep 09, 2022 5:29:51 PM io.gapi.emulators.netty.HttpVersionRoutingHandler channelRead
INFO: Detected non-HTTP/2 connection.
 {"metadata":{"emulator":{"name":"firestore"},"message":"Sep 09, 2022 5:29:51 PM io.gapi.emulators.netty.HttpVersionRoutingHandler channelRead\nINFO: Detected non-HTTP/2 connection.\n"}}
[debug] [2022-09-09T11:59:53.850Z] Sep 09, 2022 5:29:53 PM io.gapi.emulators.netty.HttpVersionRoutingHandler channelRead
INFO: Detected non-HTTP/2 connection.
 {"metadata":{"emulator":{"name":"firestore"},"message":"Sep 09, 2022 5:29:53 PM io.gapi.emulators.netty.HttpVersionRoutingHandler channelRead\nINFO: Detected non-HTTP/2 connection.\n"}}
[debug] [2022-09-09T11:59:55.868Z] Sep 09, 2022 5:29:55 PM io.gapi.emulators.netty.HttpVersionRoutingHandler channelRead
INFO: Detected non-HTTP/2 connection.
 {"metadata":{"emulator":{"name":"firestore"},"message":"Sep 09, 2022 5:29:55 PM io.gapi.emulators.netty.HttpVersionRoutingHandler channelRead\nINFO: Detected non-HTTP/2 connection.\n"}}
[debug] [2022-09-09T11:59:57.882Z] Sep 09, 2022 5:29:57 PM io.gapi.emulators.netty.HttpVersionRoutingHandler channelRead
INFO: Detected non-HTTP/2 connection.
 {"metadata":{"emulator":{"name":"firestore"},"message":"Sep 09, 2022 5:29:57 PM io.gapi.emulators.netty.HttpVersionRoutingHandler channelRead\nINFO: Detected non-HTTP/2 connection.\n"}}
[debug] [2022-09-09T11:59:59.897Z] Sep 09, 2022 5:29:59 PM io.gapi.emulators.netty.HttpVersionRoutingHandler channelRead
INFO: Detected non-HTTP/2 connection.
 {"metadata":{"emulator":{"name":"firestore"},"message":"Sep 09, 2022 5:29:59 PM io.gapi.emulators.netty.HttpVersionRoutingHandler channelRead\nINFO: Detected non-HTTP/2 connection.\n"}}
[debug] [2022-09-09T12:00:00.408Z] >>> [apiv2][query] POST http://localhost:5001/functions/projects/fir-cloudfunctiontest-aaa7f/trigger_multicast [none]
[debug] [2022-09-09T12:00:00.408Z] >>> [apiv2][body] POST http://localhost:5001/functions/projects/fir-cloudfunctiontest-aaa7f/trigger_multicast {"eventId":"3d47a4bd-6227-4817-b25b-55cf9014fe2c","eventType":"providers/firebase.auth/eventTypes/user.delete","resource":{"name":"projects/fir-cloudfunctiontest-aaa7f","service":"firebaseauth.googleapis.com"},"params":{},"timestamp":"2022-09-09T12:00:00.407Z","data":{"uid":"xUeEM5SAapD5bAQIkGBE4yqyOdOW","email":"hedobe3652@zfobo.com","emailVerified":false,"displayName":"","photoURL":"","metadata":{"creationTime":"1662724780188","lastSignInTime":"1662724780188"},"customClaims":{},"providerData":[{"providerId":"password","email":"hedobe3652@zfobo.com","federatedId":"hedobe3652@zfobo.com","rawId":"hedobe3652@zfobo.com","displayName":"","photoUrl":""}]}}
[debug] [2022-09-09T12:00:00.411Z] <<< [apiv2][status] POST http://localhost:5001/functions/projects/fir-cloudfunctiontest-aaa7f/trigger_multicast 200
[debug] [2022-09-09T12:00:00.411Z] <<< [apiv2][body] POST http://localhost:5001/functions/projects/fir-cloudfunctiontest-aaa7f/trigger_multicast {"status":"multicast_acknowledged"}
[debug] [2022-09-09T12:00:01.912Z] Sep 09, 2022 5:30:01 PM io.gapi.emulators.netty.HttpVersionRoutingHandler channelRead
INFO: Detected non-HTTP/2 connection.
 {"metadata":{"emulator":{"name":"firestore"},"message":"Sep 09, 2022 5:30:01 PM io.gapi.emulators.netty.HttpVersionRoutingHandler channelRead\nINFO: Detected non-HTTP/2 connection.\n"}}
[debug] [2022-09-09T12:00:03.926Z] Sep 09, 2022 5:30:03 PM io.gapi.emulators.netty.HttpVersionRoutingHandler channelRead
INFO: Detected non-HTTP/2 connection.
 {"metadata":{"emulator":{"name":"firestore"},"message":"Sep 09, 2022 5:30:03 PM io.gapi.emulators.netty.HttpVersionRoutingHandler channelRead\nINFO: Detected non-HTTP/2 connection.\n"}}
[debug] [2022-09-09T12:00:05.941Z] Sep 09, 2022 5:30:05 PM io.gapi.emulators.netty.HttpVersionRoutingHandler channelRead
INFO: Detected non-HTTP/2 connection.
 {"metadata":{"emulator":{"name":"firestore"},"message":"Sep 09, 2022 5:30:05 PM io.gapi.emulators.netty.HttpVersionRoutingHandler channelRead\nINFO: Detected non-HTTP/2 connection.\n"}}
[debug] [2022-09-09T12:00:07.957Z] Sep 09, 2022 5:30:07 PM io.gapi.emulators.netty.HttpVersionRoutingHandler channelRead
INFO: Detected non-HTTP/2 connection.
 {"metadata":{"emulator":{"name":"firestore"},"message":"Sep 09, 2022 5:30:07 PM io.gapi.emulators.netty.HttpVersionRoutingHandler channelRead\nINFO: Detected non-HTTP/2 connection.\n"}}
[debug] [2022-09-09T12:00:09.974Z] Sep 09, 2022 5:30:09 PM io.gapi.emulators.netty.HttpVersionRoutingHandler channelRead
INFO: Detected non-HTTP/2 connection.
 {"metadata":{"emulator":{"name":"firestore"},"message":"Sep 09, 2022 5:30:09 PM io.gapi.emulators.netty.HttpVersionRoutingHandler channelRead\nINFO: Detected non-HTTP/2 connection.\n"}}
[debug] [2022-09-09T12:00:11.988Z] Sep 09, 2022 5:30:11 PM io.gapi.emulators.netty.HttpVersionRoutingHandler channelRead
INFO: Detected non-HTTP/2 connection.
 {"metadata":{"emulator":{"name":"firestore"},"message":"Sep 09, 2022 5:30:11 PM io.gapi.emulators.netty.HttpVersionRoutingHandler channelRead\nINFO: Detected non-HTTP/2 connection.\n"}}
[debug] [2022-09-09T12:00:14.004Z] Sep 09, 2022 5:30:14 PM io.gapi.emulators.netty.HttpVersionRoutingHandler channelRead
INFO: Detected non-HTTP/2 connection.
 {"metadata":{"emulator":{"name":"firestore"},"message":"Sep 09, 2022 5:30:14 PM io.gapi.emulators.netty.HttpVersionRoutingHandler channelRead\nINFO: Detected non-HTTP/2 connection.\n"}}
[debug] [2022-09-09T12:00:16.018Z] Sep 09, 2022 5:30:16 PM io.gapi.emulators.netty.HttpVersionRoutingHandler channelRead
INFO: Detected non-HTTP/2 connection.
 {"metadata":{"emulator":{"name":"firestore"},"message":"Sep 09, 2022 5:30:16 PM io.gapi.emulators.netty.HttpVersionRoutingHandler channelRead\nINFO: Detected non-HTTP/2 connection.\n"}}
[debug] [2022-09-09T12:00:18.034Z] Sep 09, 2022 5:30:18 PM io.gapi.emulators.netty.HttpVersionRoutingHandler channelRead
INFO: Detected non-HTTP/2 connection.
 {"metadata":{"emulator":{"name":"firestore"},"message":"Sep 09, 2022 5:30:18 PM io.gapi.emulators.netty.HttpVersionRoutingHandler channelRead\nINFO: Detected non-HTTP/2 connection.\n"}}
[debug] [2022-09-09T12:00:20.051Z] Sep 09, 2022 5:30:20 PM io.gapi.emulators.netty.HttpVersionRoutingHandler channelRead
INFO: Detected non-HTTP/2 connection.
 {"metadata":{"emulator":{"name":"firestore"},"message":"Sep 09, 2022 5:30:20 PM io.gapi.emulators.netty.HttpVersionRoutingHandler channelRead\nINFO: Detected non-HTTP/2 connection.\n"}}
